<?xml version="1.0"?><coverage lines-covered="33" lines-valid="33" line-rate="1" branches-covered="0" branches-valid="0" branch-rate="0" complexity="0" version="1.9" timestamp="1763834437"><sources><source>/Users/afonsomiguel/Projetos/rust/testes/finite_state_machine</source></sources><packages><package name="examples" line-rate="0" branch-rate="0" complexity="0"><classes></classes></package><package name="tests" line-rate="0" branch-rate="0" complexity="0"><classes></classes></package><package name="src" line-rate="1" branch-rate="0" complexity="0"><classes><class name="fsm" filename="src/fsm.rs" line-rate="1" branch-rate="0" complexity="0"><methods/><lines><line number="444" hits="66"/><line number="446" hits="198"/><line number="451" hits="179"/><line number="453" hits="179"/><line number="456" hits="41"/><line number="458" hits="13"/><line number="460" hits="13"/><line number="461" hits="183"/><line number="464" hits="13"/><line number="473" hits="113"/><line number="475" hits="113"/><line number="477" hits="66"/><line number="478" hits="42"/><line number="479" hits="42"/><line number="480" hits="90"/><line number="481" hits="42"/><line number="490" hits="197"/><line number="491" hits="197"/><line number="496" hits="25"/><line number="500" hits="282"/><line number="503" hits="282"/><line number="521" hits="197"/><line number="523" hits="985"/><line number="526" hits="197"/><line number="527" hits="226"/><line number="528" hits="113"/><line number="529" hits="113"/><line number="532" hits="452"/><line number="535" hits="339"/><line number="538" hits="113"/><line number="540" hits="84"/><line number="541" hits="84"/><line number="542" hits="84"/></lines></class></classes></package></packages></coverage>